08/13/2020 04:08:39 PM - LoginPage - INFO: Element found with locator: .//a[text()='Sign In'] and locatorType: xpath
08/13/2020 04:08:40 PM - LoginPage - INFO: Clicked on element with locator: .//a[text()='Sign In'] locatorType: xpath
08/13/2020 04:08:40 PM - LoginPage - INFO: Element found with locator: email and locatorType: id
08/13/2020 04:08:40 PM - LoginPage - INFO: Sent data on element with locator: email locatorType: id
08/13/2020 04:08:40 PM - LoginPage - INFO: Element found with locator: password and locatorType: id
08/13/2020 04:08:40 PM - LoginPage - INFO: Sent data on element with locator: password locatorType: id
08/13/2020 04:08:40 PM - LoginPage - INFO: Element found with locator: input[value='Login'] and locatorType: css
08/13/2020 04:08:42 PM - LoginPage - INFO: Clicked on element with locator: input[value='Login'] locatorType: css
08/13/2020 04:14:00 PM - LoginPage - INFO: Element found with locator: .//a[text()='Sign In'] and locatorType: xpath
08/13/2020 04:14:00 PM - LoginPage - INFO: Clicked on element with locator: .//a[text()='Sign In'] locatorType: xpath
08/13/2020 04:14:01 PM - LoginPage - INFO: Element found with locator: email and locatorType: id
08/13/2020 04:14:01 PM - LoginPage - INFO: Sent data on element with locator: email locatorType: id
08/13/2020 04:14:01 PM - LoginPage - INFO: Element found with locator: password and locatorType: id
08/13/2020 04:14:01 PM - LoginPage - INFO: Sent data on element with locator: password locatorType: id
08/13/2020 04:14:01 PM - LoginPage - INFO: Element found with locator: input[value='Login'] and locatorType: css
08/13/2020 04:14:02 PM - LoginPage - INFO: Clicked on element with locator: input[value='Login'] locatorType: css
08/13/2020 04:14:02 PM - LoginPage - INFO: Element found with locator: .//button[@id='dropdownMenu1']/img and locatorType: xpath
08/13/2020 04:14:02 PM - LoginPage - INFO: Element Found
08/13/2020 04:46:18 PM - LoginPage - INFO: Element found with locator: .//a[text()='Sign In'] and locatorType: xpath
08/13/2020 04:46:19 PM - LoginPage - INFO: Clicked on element with locator: .//a[text()='Sign In'] locatorType: xpath
08/13/2020 04:46:19 PM - LoginPage - INFO: Element found with locator: email and locatorType: id
08/13/2020 04:46:19 PM - LoginPage - INFO: Sent data on element with locator: email locatorType: id
08/13/2020 04:46:19 PM - LoginPage - INFO: Element found with locator: password and locatorType: id
08/13/2020 04:46:19 PM - LoginPage - INFO: Sent data on element with locator: password locatorType: id
08/13/2020 04:46:19 PM - LoginPage - INFO: Element found with locator: input[value='Login'] and locatorType: css
08/13/2020 04:46:20 PM - LoginPage - INFO: Clicked on element with locator: input[value='Login'] locatorType: css
08/13/2020 04:46:20 PM - LoginPage - INFO: Element found with locator: .//span[@class='dynamic-text help-block'] and locatorType: xpath
08/13/2020 04:46:20 PM - LoginPage - INFO: Element Found
08/13/2020 04:46:20 PM - LoginPage - INFO: Element found with locator: .//a[text()='Sign In'] and locatorType: xpath
08/13/2020 04:46:21 PM - LoginPage - INFO: Clicked on element with locator: .//a[text()='Sign In'] locatorType: xpath
08/13/2020 04:46:21 PM - LoginPage - INFO: Element found with locator: email and locatorType: id
08/13/2020 04:46:21 PM - LoginPage - INFO: Sent data on element with locator: email locatorType: id
08/13/2020 04:46:21 PM - LoginPage - INFO: Element found with locator: password and locatorType: id
08/13/2020 04:46:21 PM - LoginPage - INFO: Sent data on element with locator: password locatorType: id
08/13/2020 04:46:21 PM - LoginPage - INFO: Element found with locator: input[value='Login'] and locatorType: css
08/13/2020 04:46:23 PM - LoginPage - INFO: Clicked on element with locator: input[value='Login'] locatorType: css
08/13/2020 04:46:23 PM - LoginPage - INFO: Element found with locator: .//button[@id='dropdownMenu1']/img and locatorType: xpath
08/13/2020 04:46:23 PM - LoginPage - INFO: Element Found
08/13/2020 04:47:16 PM - LoginPage - INFO: Element found with locator: .//a[text()='Sign In'] and locatorType: xpath
08/13/2020 04:47:16 PM - LoginPage - INFO: Clicked on element with locator: .//a[text()='Sign In'] locatorType: xpath
08/13/2020 04:47:16 PM - LoginPage - INFO: Element found with locator: email and locatorType: id
08/13/2020 04:47:16 PM - LoginPage - INFO: Sent data on element with locator: email locatorType: id
08/13/2020 04:47:16 PM - LoginPage - INFO: Element found with locator: password and locatorType: id
08/13/2020 04:47:16 PM - LoginPage - INFO: Sent data on element with locator: password locatorType: id
08/13/2020 04:47:16 PM - LoginPage - INFO: Element found with locator: input[value='Login'] and locatorType: css
08/13/2020 04:47:17 PM - LoginPage - INFO: Clicked on element with locator: input[value='Login'] locatorType: css
08/13/2020 04:47:20 PM - LoginPage - INFO: Element not found with locator: .//span[@class='dynamic-text help-block'] and locatorType: xpath
08/13/2020 04:47:20 PM - LoginPage - INFO: Element found with locator: .//a[text()='Sign In'] and locatorType: xpath
08/13/2020 04:47:21 PM - LoginPage - INFO: Clicked on element with locator: .//a[text()='Sign In'] locatorType: xpath
08/13/2020 04:47:21 PM - LoginPage - INFO: Element found with locator: email and locatorType: id
08/13/2020 04:47:21 PM - LoginPage - INFO: Sent data on element with locator: email locatorType: id
08/13/2020 04:47:21 PM - LoginPage - INFO: Element found with locator: password and locatorType: id
08/13/2020 04:47:21 PM - LoginPage - INFO: Sent data on element with locator: password locatorType: id
08/13/2020 04:47:21 PM - LoginPage - INFO: Element found with locator: input[value='Login'] and locatorType: css
08/13/2020 04:47:23 PM - LoginPage - INFO: Clicked on element with locator: input[value='Login'] locatorType: css
08/13/2020 04:47:23 PM - LoginPage - INFO: Element found with locator: .//button[@id='dropdownMenu1']/img and locatorType: xpath
08/13/2020 04:47:23 PM - LoginPage - INFO: Element Found
08/13/2020 05:10:25 PM - LoginPage - INFO: Element found with locator: .//a[text()='Sign In'] and locatorType: xpath
08/13/2020 05:10:26 PM - LoginPage - INFO: Clicked on element with locator: .//a[text()='Sign In'] locatorType: xpath
08/13/2020 05:10:26 PM - LoginPage - INFO: Element found with locator: email and locatorType: id
08/13/2020 05:10:26 PM - LoginPage - INFO: Sent data on element with locator: email locatorType: id
08/13/2020 05:10:26 PM - LoginPage - INFO: Element found with locator: password and locatorType: id
08/13/2020 05:10:26 PM - LoginPage - INFO: Sent data on element with locator: password locatorType: id
08/13/2020 05:10:26 PM - LoginPage - INFO: Element found with locator: input[value='Login'] and locatorType: css
08/13/2020 05:10:27 PM - LoginPage - INFO: Clicked on element with locator: input[value='Login'] locatorType: css
08/13/2020 05:10:27 PM - LoginPage - INFO: Element found with locator: .//span[@class='dynamic-text help-block'] and locatorType: xpath
08/13/2020 05:10:27 PM - LoginPage - INFO: Element Found
08/13/2020 05:10:29 PM - LoginPage - INFO: Element found with locator: .//a[text()='Sign In'] and locatorType: xpath
08/13/2020 05:10:30 PM - LoginPage - INFO: Clicked on element with locator: .//a[text()='Sign In'] locatorType: xpath
08/13/2020 05:10:30 PM - LoginPage - INFO: Element found with locator: email and locatorType: id
08/13/2020 05:10:30 PM - LoginPage - INFO: Sent data on element with locator: email locatorType: id
08/13/2020 05:10:30 PM - LoginPage - INFO: Element found with locator: password and locatorType: id
08/13/2020 05:10:30 PM - LoginPage - INFO: Sent data on element with locator: password locatorType: id
08/13/2020 05:10:30 PM - LoginPage - INFO: Element found with locator: input[value='Login'] and locatorType: css
08/13/2020 05:10:32 PM - LoginPage - INFO: Clicked on element with locator: input[value='Login'] locatorType: css
08/13/2020 05:10:32 PM - LoginPage - INFO: Element found with locator: .//button[@id='dropdownMenu1']/img and locatorType: xpath
08/13/2020 05:10:32 PM - LoginPage - INFO: Element Found
08/13/2020 05:11:56 PM - LoginPage - INFO: Element found with locator: .//a[text()='Sign In'] and locatorType: xpath
08/13/2020 05:11:56 PM - LoginPage - INFO: Clicked on element with locator: .//a[text()='Sign In'] locatorType: xpath
08/13/2020 05:11:57 PM - LoginPage - INFO: Element found with locator: email and locatorType: id
08/13/2020 05:11:57 PM - LoginPage - INFO: Sent data on element with locator: email locatorType: id
08/13/2020 05:11:57 PM - LoginPage - INFO: Element found with locator: password and locatorType: id
08/13/2020 05:11:57 PM - LoginPage - INFO: Sent data on element with locator: password locatorType: id
08/13/2020 05:11:57 PM - LoginPage - INFO: Element found with locator: input[value='Login'] and locatorType: css
08/13/2020 05:11:58 PM - LoginPage - INFO: Clicked on element with locator: input[value='Login'] locatorType: css
08/13/2020 05:11:58 PM - LoginPage - INFO: Waiting for maximum :: 10 :: seconds for element to be clickable
08/13/2020 05:11:58 PM - LoginPage - INFO: Element appeared on page
08/13/2020 05:11:58 PM - LoginPage - INFO: Element found with locator: .//span[@class='dynamic-text help-block'] and locatorType: xpath
08/13/2020 05:11:58 PM - LoginPage - INFO: Element Found
08/13/2020 05:11:58 PM - LoginPage - INFO: Element found with locator: .//a[text()='Sign In'] and locatorType: xpath
08/13/2020 05:11:58 PM - LoginPage - INFO: Clicked on element with locator: .//a[text()='Sign In'] locatorType: xpath
08/13/2020 05:11:59 PM - LoginPage - INFO: Element found with locator: email and locatorType: id
08/13/2020 05:11:59 PM - LoginPage - INFO: Sent data on element with locator: email locatorType: id
08/13/2020 05:11:59 PM - LoginPage - INFO: Element found with locator: password and locatorType: id
08/13/2020 05:11:59 PM - LoginPage - INFO: Sent data on element with locator: password locatorType: id
08/13/2020 05:11:59 PM - LoginPage - INFO: Element found with locator: input[value='Login'] and locatorType: css
08/13/2020 05:12:00 PM - LoginPage - INFO: Clicked on element with locator: input[value='Login'] locatorType: css
08/13/2020 05:12:00 PM - LoginPage - INFO: Element found with locator: .//button[@id='dropdownMenu1']/img and locatorType: xpath
08/13/2020 05:12:00 PM - LoginPage - INFO: Element Found
08/13/2020 05:13:55 PM - LoginPage - INFO: Element found with locator: .//a[text()='Sign In'] and locatorType: xpath
08/13/2020 05:13:56 PM - LoginPage - INFO: Clicked on element with locator: .//a[text()='Sign In'] locatorType: xpath
08/13/2020 05:13:56 PM - LoginPage - INFO: Element found with locator: email and locatorType: id
08/13/2020 05:13:56 PM - LoginPage - INFO: Sent data on element with locator: email locatorType: id
08/13/2020 05:13:56 PM - LoginPage - INFO: Element found with locator: password and locatorType: id
08/13/2020 05:13:56 PM - LoginPage - INFO: Sent data on element with locator: password locatorType: id
08/13/2020 05:13:56 PM - LoginPage - INFO: Element found with locator: input[value='Login'] and locatorType: css
08/13/2020 05:13:57 PM - LoginPage - INFO: Clicked on element with locator: input[value='Login'] locatorType: css
08/13/2020 05:13:57 PM - LoginPage - INFO: Waiting for maximum :: 10 :: seconds for element to be clickable
08/13/2020 05:13:57 PM - LoginPage - INFO: Element appeared on page
08/13/2020 05:13:57 PM - LoginPage - INFO: Element found with locator: .//span[@class='dynamic-text help-block'] and locatorType: xpath
08/13/2020 05:13:57 PM - LoginPage - INFO: Element Found
08/13/2020 05:13:57 PM - LoginPage - INFO: Element found with locator: .//a[text()='Sign In'] and locatorType: xpath
08/13/2020 05:13:58 PM - LoginPage - INFO: Clicked on element with locator: .//a[text()='Sign In'] locatorType: xpath
08/13/2020 05:13:58 PM - LoginPage - INFO: Element found with locator: email and locatorType: id
08/13/2020 05:13:58 PM - LoginPage - INFO: Sent data on element with locator: email locatorType: id
08/13/2020 05:13:58 PM - LoginPage - INFO: Element found with locator: password and locatorType: id
08/13/2020 05:13:58 PM - LoginPage - INFO: Sent data on element with locator: password locatorType: id
08/13/2020 05:13:58 PM - LoginPage - INFO: Element found with locator: input[value='Login'] and locatorType: css
08/13/2020 05:14:00 PM - LoginPage - INFO: Clicked on element with locator: input[value='Login'] locatorType: css
08/13/2020 05:14:00 PM - LoginPage - INFO: Element found with locator: .//button[@id='dropdownMenu1']/img and locatorType: xpath
08/13/2020 05:14:00 PM - LoginPage - INFO: Element Found
08/13/2020 05:20:53 PM - LoginPage - INFO: Element found with locator: .//a[text()='Sign In'] and locatorType: xpath
08/13/2020 05:20:54 PM - LoginPage - INFO: Clicked on element with locator: .//a[text()='Sign In'] locatorType: xpath
08/13/2020 05:20:54 PM - LoginPage - INFO: Element found with locator: email and locatorType: id
08/13/2020 05:20:54 PM - LoginPage - INFO: Element found with locator: password and locatorType: id
08/13/2020 05:20:54 PM - LoginPage - INFO: Element found with locator: email and locatorType: id
08/13/2020 05:20:54 PM - LoginPage - INFO: Sent data on element with locator: email locatorType: id
08/13/2020 05:20:54 PM - LoginPage - INFO: Element found with locator: password and locatorType: id
08/13/2020 05:20:54 PM - LoginPage - INFO: Sent data on element with locator: password locatorType: id
08/13/2020 05:20:54 PM - LoginPage - INFO: Element found with locator: input[value='Login'] and locatorType: css
08/13/2020 05:20:55 PM - LoginPage - INFO: Clicked on element with locator: input[value='Login'] locatorType: css
08/13/2020 05:20:55 PM - LoginPage - INFO: Waiting for maximum :: 10 :: seconds for element to be clickable
08/13/2020 05:20:55 PM - LoginPage - INFO: Element appeared on page
08/13/2020 05:20:55 PM - LoginPage - INFO: Element found with locator: .//span[@class='dynamic-text help-block'] and locatorType: xpath
08/13/2020 05:20:55 PM - LoginPage - INFO: Element Found
08/13/2020 05:20:56 PM - LoginPage - INFO: Element found with locator: .//a[text()='Sign In'] and locatorType: xpath
08/13/2020 05:20:57 PM - LoginPage - INFO: Clicked on element with locator: .//a[text()='Sign In'] locatorType: xpath
08/13/2020 05:20:57 PM - LoginPage - INFO: Element found with locator: email and locatorType: id
08/13/2020 05:20:57 PM - LoginPage - INFO: Element found with locator: password and locatorType: id
08/13/2020 05:20:57 PM - LoginPage - INFO: Element found with locator: email and locatorType: id
08/13/2020 05:20:57 PM - LoginPage - INFO: Sent data on element with locator: email locatorType: id
08/13/2020 05:20:57 PM - LoginPage - INFO: Element found with locator: password and locatorType: id
08/13/2020 05:20:57 PM - LoginPage - INFO: Sent data on element with locator: password locatorType: id
08/13/2020 05:20:57 PM - LoginPage - INFO: Element found with locator: input[value='Login'] and locatorType: css
08/13/2020 05:20:59 PM - LoginPage - INFO: Clicked on element with locator: input[value='Login'] locatorType: css
08/13/2020 05:20:59 PM - LoginPage - INFO: Element found with locator: .//button[@id='dropdownMenu1']/img and locatorType: xpath
08/13/2020 05:20:59 PM - LoginPage - INFO: Element Found
08/13/2020 05:33:11 PM - LoginPage - INFO: Element found with locator: .//a[text()='Sign In'] and locatorType: xpath
08/13/2020 05:33:11 PM - LoginPage - INFO: Clicked on element with locator: .//a[text()='Sign In'] locatorType: xpath
08/13/2020 05:33:11 PM - LoginPage - INFO: Element found with locator: email and locatorType: id
08/13/2020 05:33:11 PM - LoginPage - INFO: Element found with locator: password and locatorType: id
08/13/2020 05:33:11 PM - LoginPage - INFO: Element found with locator: email and locatorType: id
08/13/2020 05:33:12 PM - LoginPage - INFO: Sent data on element with locator: email locatorType: id
08/13/2020 05:33:12 PM - LoginPage - INFO: Element found with locator: password and locatorType: id
08/13/2020 05:33:12 PM - LoginPage - INFO: Sent data on element with locator: password locatorType: id
08/13/2020 05:33:12 PM - LoginPage - INFO: Element found with locator: input[value='Login'] and locatorType: css
08/13/2020 05:33:13 PM - LoginPage - INFO: Clicked on element with locator: input[value='Login'] locatorType: css
08/13/2020 05:33:13 PM - LoginPage - INFO: Waiting for maximum :: 10 :: seconds for element to be clickable
08/13/2020 05:33:13 PM - LoginPage - INFO: Element appeared on page
08/13/2020 05:33:13 PM - LoginPage - INFO: Element found with locator: .//span[@class='dynamic-text help-block'] and locatorType: xpath
08/13/2020 05:33:13 PM - LoginPage - INFO: Element Found
08/13/2020 05:33:13 PM - LoginPage - INFO: Element found with locator: .//a[text()='Sign In'] and locatorType: xpath
08/13/2020 05:33:14 PM - LoginPage - INFO: Clicked on element with locator: .//a[text()='Sign In'] locatorType: xpath
08/13/2020 05:33:14 PM - LoginPage - INFO: Element found with locator: email and locatorType: id
08/13/2020 05:33:14 PM - LoginPage - INFO: Element found with locator: password and locatorType: id
08/13/2020 05:33:14 PM - LoginPage - INFO: Element found with locator: email and locatorType: id
08/13/2020 05:33:14 PM - LoginPage - INFO: Sent data on element with locator: email locatorType: id
08/13/2020 05:33:14 PM - LoginPage - INFO: Element found with locator: password and locatorType: id
08/13/2020 05:33:14 PM - LoginPage - INFO: Sent data on element with locator: password locatorType: id
08/13/2020 05:33:14 PM - LoginPage - INFO: Element found with locator: input[value='Login'] and locatorType: css
08/13/2020 05:33:15 PM - LoginPage - INFO: Clicked on element with locator: input[value='Login'] locatorType: css
08/13/2020 05:33:15 PM - LoginPage - INFO: Element found with locator: .//button[@id='dropdownMenu1']/img and locatorType: xpath
08/13/2020 05:33:15 PM - LoginPage - INFO: Element Found
08/13/2020 05:33:42 PM - LoginPage - INFO: Element found with locator: .//a[text()='Sign In'] and locatorType: xpath
08/13/2020 05:33:42 PM - LoginPage - INFO: Clicked on element with locator: .//a[text()='Sign In'] locatorType: xpath
08/13/2020 05:33:43 PM - LoginPage - INFO: Element found with locator: email and locatorType: id
08/13/2020 05:33:43 PM - LoginPage - INFO: Element found with locator: password and locatorType: id
08/13/2020 05:33:43 PM - LoginPage - INFO: Element found with locator: email and locatorType: id
08/13/2020 05:33:43 PM - LoginPage - INFO: Sent data on element with locator: email locatorType: id
08/13/2020 05:33:43 PM - LoginPage - INFO: Element found with locator: password and locatorType: id
08/13/2020 05:33:43 PM - LoginPage - INFO: Sent data on element with locator: password locatorType: id
08/13/2020 05:33:43 PM - LoginPage - INFO: Element found with locator: input[value='Login'] and locatorType: css
08/13/2020 05:33:44 PM - LoginPage - INFO: Clicked on element with locator: input[value='Login'] locatorType: css
08/13/2020 05:33:44 PM - LoginPage - INFO: Waiting for maximum :: 10 :: seconds for element to be clickable
08/13/2020 05:33:44 PM - LoginPage - INFO: Element appeared on page
08/13/2020 05:33:44 PM - LoginPage - INFO: Element found with locator: .//span[@class='dynamic-text help-block'] and locatorType: xpath
08/13/2020 05:33:44 PM - LoginPage - INFO: Element Found
08/13/2020 05:33:44 PM - LoginPage - INFO: Element found with locator: .//a[text()='Sign In'] and locatorType: xpath
08/13/2020 05:33:45 PM - LoginPage - INFO: Clicked on element with locator: .//a[text()='Sign In'] locatorType: xpath
08/13/2020 05:33:45 PM - LoginPage - INFO: Element found with locator: email and locatorType: id
08/13/2020 05:33:45 PM - LoginPage - INFO: Element found with locator: password and locatorType: id
08/13/2020 05:33:45 PM - LoginPage - INFO: Element found with locator: email and locatorType: id
08/13/2020 05:33:45 PM - LoginPage - INFO: Sent data on element with locator: email locatorType: id
08/13/2020 05:33:45 PM - LoginPage - INFO: Element found with locator: password and locatorType: id
08/13/2020 05:33:45 PM - LoginPage - INFO: Sent data on element with locator: password locatorType: id
08/13/2020 05:33:45 PM - LoginPage - INFO: Element found with locator: input[value='Login'] and locatorType: css
08/13/2020 05:33:46 PM - LoginPage - INFO: Clicked on element with locator: input[value='Login'] locatorType: css
08/13/2020 05:33:46 PM - LoginPage - INFO: Element found with locator: .//button[@id='dropdownMenu1']/img and locatorType: xpath
08/13/2020 05:33:46 PM - LoginPage - INFO: Element Found
08/13/2020 05:34:04 PM - LoginPage - INFO: Element found with locator: .//a[text()='Sign In'] and locatorType: xpath
08/13/2020 05:34:04 PM - LoginPage - INFO: Clicked on element with locator: .//a[text()='Sign In'] locatorType: xpath
08/13/2020 05:34:04 PM - LoginPage - INFO: Element found with locator: email and locatorType: id
08/13/2020 05:34:04 PM - LoginPage - INFO: Element found with locator: password and locatorType: id
08/13/2020 05:34:04 PM - LoginPage - INFO: Element found with locator: email and locatorType: id
08/13/2020 05:34:04 PM - LoginPage - INFO: Sent data on element with locator: email locatorType: id
08/13/2020 05:34:04 PM - LoginPage - INFO: Element found with locator: password and locatorType: id
08/13/2020 05:34:05 PM - LoginPage - INFO: Sent data on element with locator: password locatorType: id
08/13/2020 05:34:05 PM - LoginPage - INFO: Element found with locator: input[value='Login'] and locatorType: css
08/13/2020 05:34:06 PM - LoginPage - INFO: Clicked on element with locator: input[value='Login'] locatorType: css
08/13/2020 05:34:06 PM - LoginPage - INFO: Waiting for maximum :: 10 :: seconds for element to be clickable
08/13/2020 05:34:06 PM - LoginPage - INFO: Element appeared on page
08/13/2020 05:34:06 PM - LoginPage - INFO: Element found with locator: .//span[@class='dynamic-text help-block'] and locatorType: xpath
08/13/2020 05:34:06 PM - LoginPage - INFO: Element Found
08/13/2020 05:34:06 PM - LoginPage - INFO: Element found with locator: .//a[text()='Sign In'] and locatorType: xpath
08/13/2020 05:34:06 PM - LoginPage - INFO: Clicked on element with locator: .//a[text()='Sign In'] locatorType: xpath
08/13/2020 05:34:06 PM - LoginPage - INFO: Element found with locator: email and locatorType: id
08/13/2020 05:34:06 PM - LoginPage - INFO: Element found with locator: password and locatorType: id
08/13/2020 05:34:06 PM - LoginPage - INFO: Element found with locator: email and locatorType: id
08/13/2020 05:34:06 PM - LoginPage - INFO: Sent data on element with locator: email locatorType: id
08/13/2020 05:34:06 PM - LoginPage - INFO: Element found with locator: password and locatorType: id
08/13/2020 05:34:06 PM - LoginPage - INFO: Sent data on element with locator: password locatorType: id
08/13/2020 05:34:06 PM - LoginPage - INFO: Element found with locator: input[value='Login'] and locatorType: css
08/13/2020 05:34:08 PM - LoginPage - INFO: Clicked on element with locator: input[value='Login'] locatorType: css
08/13/2020 05:34:08 PM - LoginPage - INFO: Element found with locator: .//button[@id='dropdownMenu1']/img and locatorType: xpath
08/13/2020 05:34:08 PM - LoginPage - INFO: Element Found
08/13/2020 05:50:09 PM - LoginPage - INFO: Element found with locator: .//a[text()='Sign In'] and locatorType: xpath
08/13/2020 05:50:10 PM - LoginPage - INFO: Clicked on element with locator: .//a[text()='Sign In'] locatorType: xpath
08/13/2020 05:50:10 PM - LoginPage - INFO: Element found with locator: email and locatorType: id
08/13/2020 05:50:10 PM - LoginPage - INFO: Element found with locator: password and locatorType: id
08/13/2020 05:50:10 PM - LoginPage - INFO: Element found with locator: email and locatorType: id
08/13/2020 05:50:10 PM - LoginPage - INFO: Sent data on element with locator: email locatorType: id
08/13/2020 05:50:10 PM - LoginPage - INFO: Element found with locator: password and locatorType: id
08/13/2020 05:50:10 PM - LoginPage - INFO: Sent data on element with locator: password locatorType: id
08/13/2020 05:50:10 PM - LoginPage - INFO: Element found with locator: input[value='Login'] and locatorType: css
08/13/2020 05:50:11 PM - LoginPage - INFO: Clicked on element with locator: input[value='Login'] locatorType: css
08/13/2020 05:50:11 PM - LoginPage - INFO: Waiting for maximum :: 10 :: seconds for element to be clickable
08/13/2020 05:50:11 PM - LoginPage - INFO: Element appeared on page
08/13/2020 05:50:11 PM - LoginPage - INFO: Element found with locator: .//span[@class='dynamic-text help-block'] and locatorType: xpath
08/13/2020 05:50:11 PM - LoginPage - INFO: Element Found
08/13/2020 05:50:11 PM - LoginPage - INFO: Element found with locator: .//a[text()='Sign In'] and locatorType: xpath
08/13/2020 05:50:12 PM - LoginPage - INFO: Clicked on element with locator: .//a[text()='Sign In'] locatorType: xpath
08/13/2020 05:50:12 PM - LoginPage - INFO: Element found with locator: email and locatorType: id
08/13/2020 05:50:12 PM - LoginPage - INFO: Element found with locator: password and locatorType: id
08/13/2020 05:50:12 PM - LoginPage - INFO: Element found with locator: email and locatorType: id
08/13/2020 05:50:12 PM - LoginPage - INFO: Sent data on element with locator: email locatorType: id
08/13/2020 05:50:12 PM - LoginPage - INFO: Element found with locator: password and locatorType: id
08/13/2020 05:50:12 PM - LoginPage - INFO: Sent data on element with locator: password locatorType: id
08/13/2020 05:50:12 PM - LoginPage - INFO: Element found with locator: input[value='Login'] and locatorType: css
08/13/2020 05:50:13 PM - LoginPage - INFO: Clicked on element with locator: input[value='Login'] locatorType: css
08/13/2020 05:50:13 PM - LoginPage - INFO: Element found with locator: .//button[@id='dropdownMenu1']/img and locatorType: xpath
08/13/2020 05:50:13 PM - LoginPage - INFO: Element Found
08/14/2020 03:48:02 PM - LoginPage - INFO: Element found with locator: .//a[text()='Sign In'] and locatorType: xpath
08/14/2020 03:48:03 PM - LoginPage - INFO: Clicked on element with locator: .//a[text()='Sign In'] locatorType: xpath
08/14/2020 03:48:03 PM - LoginPage - INFO: Element found with locator: email and locatorType: id
08/14/2020 03:48:03 PM - LoginPage - INFO: Element found with locator: password and locatorType: id
08/14/2020 03:48:03 PM - LoginPage - INFO: Element found with locator: email and locatorType: id
08/14/2020 03:48:03 PM - LoginPage - INFO: Sent data on element with locator: email locatorType: id
08/14/2020 03:48:03 PM - LoginPage - INFO: Element found with locator: password and locatorType: id
08/14/2020 03:48:03 PM - LoginPage - INFO: Sent data on element with locator: password locatorType: id
08/14/2020 03:48:03 PM - LoginPage - INFO: Element found with locator: input[value='Login'] and locatorType: css
08/14/2020 03:48:04 PM - LoginPage - INFO: Clicked on element with locator: input[value='Login'] locatorType: css
08/14/2020 03:48:04 PM - LoginPage - INFO: Waiting for maximum :: 10 :: seconds for element to be clickable
08/14/2020 03:48:04 PM - LoginPage - INFO: Element appeared on page
08/14/2020 03:48:04 PM - LoginPage - INFO: Element found with locator: .//span[@class='dynamic-text help-block'] and locatorType: xpath
08/14/2020 03:48:04 PM - LoginPage - INFO: Element Found
08/14/2020 03:48:04 PM - LoginPage - INFO: Element found with locator: .//a[text()='Sign In'] and locatorType: xpath
08/14/2020 03:48:05 PM - LoginPage - INFO: Clicked on element with locator: .//a[text()='Sign In'] locatorType: xpath
08/14/2020 03:48:05 PM - LoginPage - INFO: Element found with locator: email and locatorType: id
08/14/2020 03:48:05 PM - LoginPage - INFO: Element found with locator: password and locatorType: id
08/14/2020 03:48:05 PM - LoginPage - INFO: Element found with locator: email and locatorType: id
08/14/2020 03:48:05 PM - LoginPage - INFO: Sent data on element with locator: email locatorType: id
08/14/2020 03:48:05 PM - LoginPage - INFO: Element found with locator: password and locatorType: id
08/14/2020 03:48:05 PM - LoginPage - INFO: Sent data on element with locator: password locatorType: id
08/14/2020 03:48:05 PM - LoginPage - INFO: Element found with locator: input[value='Login'] and locatorType: css
08/14/2020 03:48:06 PM - LoginPage - INFO: Clicked on element with locator: input[value='Login'] locatorType: css
08/14/2020 03:48:07 PM - LoginPage - INFO: Element found with locator: .//button[@id='dropdownMenu1']/img and locatorType: xpath
08/14/2020 03:48:07 PM - LoginPage - INFO: Element Found
08/14/2020 03:48:25 PM - LoginPage - INFO: Element found with locator: .//a[text()='Sign In'] and locatorType: xpath
08/14/2020 03:48:25 PM - LoginPage - INFO: Clicked on element with locator: .//a[text()='Sign In'] locatorType: xpath
08/14/2020 03:48:26 PM - LoginPage - INFO: Element found with locator: email and locatorType: id
08/14/2020 03:48:26 PM - LoginPage - INFO: Element found with locator: password and locatorType: id
08/14/2020 03:48:26 PM - LoginPage - INFO: Element found with locator: email and locatorType: id
08/14/2020 03:48:26 PM - LoginPage - INFO: Sent data on element with locator: email locatorType: id
08/14/2020 03:48:26 PM - LoginPage - INFO: Element found with locator: password and locatorType: id
08/14/2020 03:48:26 PM - LoginPage - INFO: Sent data on element with locator: password locatorType: id
08/14/2020 03:48:26 PM - LoginPage - INFO: Element found with locator: input[value='Login'] and locatorType: css
08/14/2020 03:48:27 PM - LoginPage - INFO: Clicked on element with locator: input[value='Login'] locatorType: css
08/14/2020 03:48:27 PM - LoginPage - INFO: Waiting for maximum :: 10 :: seconds for element to be clickable
08/14/2020 03:48:27 PM - LoginPage - INFO: Element appeared on page
08/14/2020 03:48:27 PM - LoginPage - INFO: Element found with locator: .//span[@class='dynamic-text help-block'] and locatorType: xpath
08/14/2020 03:48:27 PM - LoginPage - INFO: Element Found
08/14/2020 03:48:27 PM - LoginPage - INFO: Element found with locator: .//a[text()='Sign In'] and locatorType: xpath
08/14/2020 03:48:28 PM - LoginPage - INFO: Clicked on element with locator: .//a[text()='Sign In'] locatorType: xpath
08/14/2020 03:48:28 PM - LoginPage - INFO: Element found with locator: email and locatorType: id
08/14/2020 03:48:28 PM - LoginPage - INFO: Element found with locator: password and locatorType: id
08/14/2020 03:48:28 PM - LoginPage - INFO: Element found with locator: email and locatorType: id
08/14/2020 03:48:28 PM - LoginPage - INFO: Sent data on element with locator: email locatorType: id
08/14/2020 03:48:28 PM - LoginPage - INFO: Element found with locator: password and locatorType: id
08/14/2020 03:48:28 PM - LoginPage - INFO: Sent data on element with locator: password locatorType: id
08/14/2020 03:48:28 PM - LoginPage - INFO: Element found with locator: input[value='Login'] and locatorType: css
08/14/2020 03:48:29 PM - LoginPage - INFO: Clicked on element with locator: input[value='Login'] locatorType: css
08/14/2020 07:15:04 PM - LoginPage - INFO: Element found with locator: .//a[text()='Sign In'] and locatorType: xpath
08/14/2020 07:15:05 PM - LoginPage - INFO: Clicked on element with locator: .//a[text()='Sign In'] locatorType: xpath
08/14/2020 07:15:05 PM - LoginPage - INFO: Element found with locator: email and locatorType: id
08/14/2020 07:15:05 PM - LoginPage - INFO: Element found with locator: password and locatorType: id
08/14/2020 07:15:05 PM - LoginPage - INFO: Element found with locator: email and locatorType: id
08/14/2020 07:15:05 PM - LoginPage - INFO: Sent data on element with locator: email locatorType: id
08/14/2020 07:15:05 PM - LoginPage - INFO: Element found with locator: password and locatorType: id
08/14/2020 07:15:05 PM - LoginPage - INFO: Sent data on element with locator: password locatorType: id
08/14/2020 07:15:05 PM - LoginPage - INFO: Element found with locator: input[value='Login'] and locatorType: css
08/14/2020 07:15:06 PM - LoginPage - INFO: Clicked on element with locator: input[value='Login'] locatorType: css
08/14/2020 07:15:06 PM - LoginPage - INFO: Waiting for maximum :: 10 :: seconds for element to be clickable
08/14/2020 07:15:06 PM - LoginPage - INFO: Element appeared on page
08/14/2020 07:15:06 PM - LoginPage - INFO: Element found with locator: .//span[@class='dynamic-text help-block'] and locatorType: xpath
08/14/2020 07:15:06 PM - LoginPage - INFO: Element Found
08/14/2020 07:15:06 PM - LoginPage - INFO: Element found with locator: .//a[text()='Sign In'] and locatorType: xpath
08/14/2020 07:15:07 PM - LoginPage - INFO: Clicked on element with locator: .//a[text()='Sign In'] locatorType: xpath
08/14/2020 07:15:07 PM - LoginPage - INFO: Element found with locator: email and locatorType: id
08/14/2020 07:15:07 PM - LoginPage - INFO: Element found with locator: password and locatorType: id
08/14/2020 07:15:07 PM - LoginPage - INFO: Element found with locator: email and locatorType: id
08/14/2020 07:15:07 PM - LoginPage - INFO: Sent data on element with locator: email locatorType: id
08/14/2020 07:15:07 PM - LoginPage - INFO: Element found with locator: password and locatorType: id
08/14/2020 07:15:07 PM - LoginPage - INFO: Sent data on element with locator: password locatorType: id
08/14/2020 07:15:07 PM - LoginPage - INFO: Element found with locator: input[value='Login'] and locatorType: css
08/14/2020 07:15:09 PM - LoginPage - INFO: Clicked on element with locator: input[value='Login'] locatorType: css
08/14/2020 07:15:09 PM - TestStatus - INFO: ### VERIFICATION SUCCESS :: + Title is incorrect
08/14/2020 07:15:09 PM - LoginPage - INFO: Element found with locator: .//button[@id='dropdownMenu1']/img and locatorType: xpath
08/14/2020 07:15:09 PM - LoginPage - INFO: Element Found
08/14/2020 07:15:09 PM - TestStatus - INFO: ### VERIFICATION SUCCESS :: + Login was not successful
08/14/2020 07:15:09 PM - TestStatus - INFO: test_validLogin### TEST SUCCESSFUL
08/14/2020 07:15:31 PM - LoginPage - INFO: Element found with locator: .//a[text()='Sign In'] and locatorType: xpath
08/14/2020 07:15:31 PM - LoginPage - INFO: Clicked on element with locator: .//a[text()='Sign In'] locatorType: xpath
08/14/2020 07:15:32 PM - LoginPage - INFO: Element found with locator: email and locatorType: id
08/14/2020 07:15:32 PM - LoginPage - INFO: Element found with locator: password and locatorType: id
08/14/2020 07:15:32 PM - LoginPage - INFO: Element found with locator: email and locatorType: id
08/14/2020 07:15:32 PM - LoginPage - INFO: Sent data on element with locator: email locatorType: id
08/14/2020 07:15:32 PM - LoginPage - INFO: Element found with locator: password and locatorType: id
08/14/2020 07:15:32 PM - LoginPage - INFO: Sent data on element with locator: password locatorType: id
08/14/2020 07:15:32 PM - LoginPage - INFO: Element found with locator: input[value='Login'] and locatorType: css
08/14/2020 07:15:33 PM - LoginPage - INFO: Clicked on element with locator: input[value='Login'] locatorType: css
08/14/2020 07:15:33 PM - LoginPage - INFO: Waiting for maximum :: 10 :: seconds for element to be clickable
08/14/2020 07:15:33 PM - LoginPage - INFO: Element appeared on page
08/14/2020 07:15:33 PM - LoginPage - INFO: Element found with locator: .//span[@class='dynamic-text help-block'] and locatorType: xpath
08/14/2020 07:15:33 PM - LoginPage - INFO: Element Found
08/14/2020 07:15:33 PM - LoginPage - INFO: Element found with locator: .//a[text()='Sign In'] and locatorType: xpath
08/14/2020 07:15:34 PM - LoginPage - INFO: Clicked on element with locator: .//a[text()='Sign In'] locatorType: xpath
08/14/2020 07:15:34 PM - LoginPage - INFO: Element found with locator: email and locatorType: id
08/14/2020 07:15:34 PM - LoginPage - INFO: Element found with locator: password and locatorType: id
08/14/2020 07:15:34 PM - LoginPage - INFO: Element found with locator: email and locatorType: id
08/14/2020 07:15:34 PM - LoginPage - INFO: Sent data on element with locator: email locatorType: id
08/14/2020 07:15:34 PM - LoginPage - INFO: Element found with locator: password and locatorType: id
08/14/2020 07:15:34 PM - LoginPage - INFO: Sent data on element with locator: password locatorType: id
08/14/2020 07:15:34 PM - LoginPage - INFO: Element found with locator: input[value='Login'] and locatorType: css
08/14/2020 07:15:35 PM - LoginPage - INFO: Clicked on element with locator: input[value='Login'] locatorType: css
08/14/2020 07:15:35 PM - TestStatus - ERROR: ### VERIFICATION FAILED :: + Title is incorrect
08/14/2020 07:15:35 PM - LoginPage - INFO: Element found with locator: .//button[@id='dropdownMenu1']/img and locatorType: xpath
08/14/2020 07:15:35 PM - LoginPage - INFO: Element Found
08/14/2020 07:15:35 PM - TestStatus - INFO: ### VERIFICATION SUCCESS :: + Login was not successful
08/14/2020 07:15:35 PM - TestStatus - ERROR: test_validLogin ### TEST FAILED 
08/14/2020 07:36:35 PM - LoginPage - INFO: Element found with locator: .//a[text()='Sign In'] and locatorType: xpath
08/14/2020 07:36:36 PM - LoginPage - INFO: Clicked on element with locator: .//a[text()='Sign In'] locatorType: xpath
08/14/2020 07:36:36 PM - LoginPage - INFO: Element found with locator: email and locatorType: id
08/14/2020 07:36:36 PM - LoginPage - INFO: Element found with locator: password and locatorType: id
08/14/2020 07:36:36 PM - LoginPage - INFO: Element found with locator: email and locatorType: id
08/14/2020 07:36:37 PM - LoginPage - INFO: Sent data on element with locator: email locatorType: id
08/14/2020 07:36:37 PM - LoginPage - INFO: Element found with locator: password and locatorType: id
08/14/2020 07:36:37 PM - LoginPage - INFO: Sent data on element with locator: password locatorType: id
08/14/2020 07:36:37 PM - LoginPage - INFO: Element found with locator: input[value='Login'] and locatorType: css
08/14/2020 07:36:38 PM - LoginPage - INFO: Clicked on element with locator: input[value='Login'] locatorType: css
08/14/2020 07:36:38 PM - LoginPage - INFO: Waiting for maximum :: 10 :: seconds for element to be clickable
08/14/2020 07:36:38 PM - LoginPage - INFO: Element appeared on page
08/14/2020 07:36:38 PM - LoginPage - INFO: Element found with locator: .//span[@class='dynamic-text help-block'] and locatorType: xpath
08/14/2020 07:36:38 PM - LoginPage - INFO: Element Found
08/14/2020 07:36:38 PM - LoginPage - INFO: Element found with locator: .//a[text()='Sign In'] and locatorType: xpath
08/14/2020 07:36:39 PM - LoginPage - INFO: Clicked on element with locator: .//a[text()='Sign In'] locatorType: xpath
08/14/2020 07:36:39 PM - LoginPage - INFO: Element found with locator: email and locatorType: id
08/14/2020 07:36:39 PM - LoginPage - INFO: Element found with locator: password and locatorType: id
08/14/2020 07:36:39 PM - LoginPage - INFO: Element found with locator: email and locatorType: id
08/14/2020 07:36:39 PM - LoginPage - INFO: Sent data on element with locator: email locatorType: id
08/14/2020 07:36:39 PM - LoginPage - INFO: Element found with locator: password and locatorType: id
08/14/2020 07:36:39 PM - LoginPage - INFO: Sent data on element with locator: password locatorType: id
08/14/2020 07:36:39 PM - LoginPage - INFO: Element found with locator: input[value='Login'] and locatorType: css
08/14/2020 07:36:40 PM - LoginPage - INFO: Clicked on element with locator: input[value='Login'] locatorType: css
08/14/2020 07:36:40 PM - TestStatus - ERROR: ### VERIFICATION FAILED :: + Title is incorrect
08/14/2020 07:36:41 PM - TestStatus - INFO: Screenshot saved to directory: C:\Users\Michael\PycharmProjects\letskodeit\base\../screenshots/Title is incorrect.1597451800861.png
08/14/2020 07:36:41 PM - LoginPage - INFO: Element found with locator: .//button[@id='dropdownMenu1']/img and locatorType: xpath
08/14/2020 07:36:41 PM - LoginPage - INFO: Element Found
08/14/2020 07:36:41 PM - TestStatus - INFO: ### VERIFICATION SUCCESS :: + Login was not successful
08/14/2020 07:36:41 PM - TestStatus - ERROR: test_validLogin ### TEST FAILED 
08/14/2020 07:38:49 PM - LoginPage - INFO: Element found with locator: .//a[text()='Sign In'] and locatorType: xpath
08/14/2020 07:38:49 PM - LoginPage - INFO: Clicked on element with locator: .//a[text()='Sign In'] locatorType: xpath
08/14/2020 07:38:49 PM - LoginPage - INFO: Element found with locator: email and locatorType: id
08/14/2020 07:38:49 PM - LoginPage - INFO: Element found with locator: password and locatorType: id
08/14/2020 07:38:49 PM - LoginPage - INFO: Element found with locator: email and locatorType: id
08/14/2020 07:38:49 PM - LoginPage - INFO: Sent data on element with locator: email locatorType: id
08/14/2020 07:38:49 PM - LoginPage - INFO: Element found with locator: password and locatorType: id
08/14/2020 07:38:49 PM - LoginPage - INFO: Sent data on element with locator: password locatorType: id
08/14/2020 07:38:49 PM - LoginPage - INFO: Element found with locator: input[value='Login'] and locatorType: css
08/14/2020 07:38:51 PM - LoginPage - INFO: Clicked on element with locator: input[value='Login'] locatorType: css
08/14/2020 07:38:51 PM - LoginPage - INFO: Waiting for maximum :: 10 :: seconds for element to be clickable
08/14/2020 07:38:51 PM - LoginPage - INFO: Element appeared on page
08/14/2020 07:38:51 PM - LoginPage - INFO: Element found with locator: .//span[@class='dynamic-text help-block'] and locatorType: xpath
08/14/2020 07:38:51 PM - LoginPage - INFO: Element Found
08/14/2020 07:38:51 PM - LoginPage - INFO: Element found with locator: .//a[text()='Sign In'] and locatorType: xpath
08/14/2020 07:38:51 PM - LoginPage - INFO: Clicked on element with locator: .//a[text()='Sign In'] locatorType: xpath
08/14/2020 07:38:51 PM - LoginPage - INFO: Element found with locator: email and locatorType: id
08/14/2020 07:38:51 PM - LoginPage - INFO: Element found with locator: password and locatorType: id
08/14/2020 07:38:51 PM - LoginPage - INFO: Element found with locator: email and locatorType: id
08/14/2020 07:38:52 PM - LoginPage - INFO: Sent data on element with locator: email locatorType: id
08/14/2020 07:38:52 PM - LoginPage - INFO: Element found with locator: password and locatorType: id
08/14/2020 07:38:52 PM - LoginPage - INFO: Sent data on element with locator: password locatorType: id
08/14/2020 07:38:52 PM - LoginPage - INFO: Element found with locator: input[value='Login'] and locatorType: css
08/14/2020 07:38:53 PM - LoginPage - INFO: Clicked on element with locator: input[value='Login'] locatorType: css
08/14/2020 07:38:53 PM - TestStatus - ERROR: ### VERIFICATION FAILED :: + Title Verification Failed
08/14/2020 07:38:54 PM - TestStatus - INFO: Screenshot saved to directory: C:\Users\Michael\PycharmProjects\letskodeit\base\../screenshots/Title Verification Failed.1597451933754.png
08/14/2020 07:38:54 PM - LoginPage - INFO: Element found with locator: .//button[@id='dropdownMenu1']/img and locatorType: xpath
08/14/2020 07:38:54 PM - LoginPage - INFO: Element Found
08/14/2020 07:38:54 PM - TestStatus - INFO: ### VERIFICATION SUCCESS :: + Login was not successful
08/14/2020 07:38:54 PM - TestStatus - ERROR: test_validLogin ### TEST FAILED 
08/19/2020 11:36:19 AM - LoginPage - INFO: Element found with locator: .//a[text()='Sign In'] and locatorType: xpath
08/19/2020 11:36:19 AM - LoginPage - INFO: Clicked on element with locator: .//a[text()='Sign In'] locatorType: xpath
08/19/2020 11:36:19 AM - LoginPage - INFO: Element found with locator: email and locatorType: id
08/19/2020 11:36:20 AM - LoginPage - INFO: Element found with locator: password and locatorType: id
08/19/2020 11:36:20 AM - LoginPage - INFO: Element found with locator: email and locatorType: id
08/19/2020 11:36:20 AM - LoginPage - INFO: Sent data on element with locator: email locatorType: id
08/19/2020 11:36:20 AM - LoginPage - INFO: Element found with locator: password and locatorType: id
08/19/2020 11:36:20 AM - LoginPage - INFO: Sent data on element with locator: password locatorType: id
08/19/2020 11:36:20 AM - LoginPage - INFO: Element found with locator: input[value='Login'] and locatorType: css
08/19/2020 11:36:21 AM - LoginPage - INFO: Clicked on element with locator: input[value='Login'] locatorType: css
08/19/2020 11:36:21 AM - LoginPage - INFO: Waiting for maximum :: 10 :: seconds for element to be clickable
08/19/2020 11:36:21 AM - LoginPage - INFO: Element appeared on page
08/19/2020 11:36:21 AM - LoginPage - INFO: Element found with locator: .//span[@class='dynamic-text help-block'] and locatorType: xpath
08/19/2020 11:36:21 AM - LoginPage - INFO: Element Found
08/19/2020 11:36:21 AM - LoginPage - INFO: Element found with locator: .//a[text()='Sign In'] and locatorType: xpath
08/19/2020 11:36:22 AM - LoginPage - INFO: Clicked on element with locator: .//a[text()='Sign In'] locatorType: xpath
08/19/2020 11:36:22 AM - LoginPage - INFO: Element found with locator: email and locatorType: id
08/19/2020 11:36:22 AM - LoginPage - INFO: Element found with locator: password and locatorType: id
08/19/2020 11:36:22 AM - LoginPage - INFO: Element found with locator: email and locatorType: id
08/19/2020 11:36:22 AM - LoginPage - INFO: Sent data on element with locator: email locatorType: id
08/19/2020 11:36:22 AM - LoginPage - INFO: Element found with locator: password and locatorType: id
08/19/2020 11:36:22 AM - LoginPage - INFO: Sent data on element with locator: password locatorType: id
08/19/2020 11:36:22 AM - LoginPage - INFO: Element found with locator: input[value='Login'] and locatorType: css
08/19/2020 11:36:23 AM - LoginPage - INFO: Clicked on element with locator: input[value='Login'] locatorType: css
